Determining if the pthread_create exist failed with the following output:
Change Dir: /home/shashank/catkin_ws/src/location_monitor/build/catkin_tools_prebuild/CMakeFiles/CMakeTmp

Run Build Command:/usr/bin/make "cmTryCompileExec3364375431/fast"
/usr/bin/make -f CMakeFiles/cmTryCompileExec3364375431.dir/build.make CMakeFiles/cmTryCompileExec3364375431.dir/build
make[1]: Entering directory `/home/shashank/catkin_ws/src/location_monitor/build/catkin_tools_prebuild/CMakeFiles/CMakeTmp'
/usr/bin/cmake -E cmake_progress_report /home/shashank/catkin_ws/src/location_monitor/build/catkin_tools_prebuild/CMakeFiles/CMakeTmp/CMakeFiles 1
Building C object CMakeFiles/cmTryCompileExec3364375431.dir/CheckSymbolExists.c.o
/usr/bin/cc    -o CMakeFiles/cmTryCompileExec3364375431.dir/CheckSymbolExists.c.o   -c /home/shashank/catkin_ws/src/location_monitor/build/catkin_tools_prebuild/CMakeFiles/CMakeTmp/CheckSymbolExists.c
Linking C executable cmTryCompileExec3364375431
/usr/bin/cmake -E cmake_link_script CMakeFiles/cmTryCompileExec3364375431.dir/link.txt --verbose=1
/usr/bin/cc       CMakeFiles/cmTryCompileExec3364375431.dir/CheckSymbolExists.c.o  -o cmTryCompileExec3364375431 -rdynamic 
CMakeFiles/cmTryCompileExec3364375431.dir/CheckSymbolExists.c.o: In function `main':
CheckSymbolExists.c:(.text+0x16): undefined reference to `pthread_create'
collect2: error: ld returned 1 exit status
make[1]: *** [cmTryCompileExec3364375431] Error 1
make[1]: Leaving directory `/home/shashank/catkin_ws/src/location_monitor/build/catkin_tools_prebuild/CMakeFiles/CMakeTmp'
make: *** [cmTryCompileExec3364375431/fast] Error 2

File /home/shashank/catkin_ws/src/location_monitor/build/catkin_tools_prebuild/CMakeFiles/CMakeTmp/CheckSymbolExists.c:
/* */
#include <pthread.h>

int main(int argc, char** argv)
{
  (void)argv;
#ifndef pthread_create
  return ((int*)(&pthread_create))[argc];
#else
  (void)argc;
  return 0;
#endif
}

Determining if the function pthread_create exists in the pthreads failed with the following output:
Change Dir: /home/shashank/catkin_ws/src/location_monitor/build/catkin_tools_prebuild/CMakeFiles/CMakeTmp

Run Build Command:/usr/bin/make "cmTryCompileExec3215285929/fast"
/usr/bin/make -f CMakeFiles/cmTryCompileExec3215285929.dir/build.make CMakeFiles/cmTryCompileExec3215285929.dir/build
make[1]: Entering directory `/home/shashank/catkin_ws/src/location_monitor/build/catkin_tools_prebuild/CMakeFiles/CMakeTmp'
/usr/bin/cmake -E cmake_progress_report /home/shashank/catkin_ws/src/location_monitor/build/catkin_tools_prebuild/CMakeFiles/CMakeTmp/CMakeFiles 1
Building C object CMakeFiles/cmTryCompileExec3215285929.dir/CheckFunctionExists.c.o
/usr/bin/cc   -DCHECK_FUNCTION_EXISTS=pthread_create   -o CMakeFiles/cmTryCompileExec3215285929.dir/CheckFunctionExists.c.o   -c /usr/share/cmake-2.8/Modules/CheckFunctionExists.c
Linking C executable cmTryCompileExec3215285929
/usr/bin/cmake -E cmake_link_script CMakeFiles/cmTryCompileExec3215285929.dir/link.txt --verbose=1
/usr/bin/cc   -DCHECK_FUNCTION_EXISTS=pthread_create    CMakeFiles/cmTryCompileExec3215285929.dir/CheckFunctionExists.c.o  -o cmTryCompileExec3215285929 -rdynamic -lpthreads 
/usr/bin/ld: cannot find -lpthreads
collect2: error: ld returned 1 exit status
make[1]: *** [cmTryCompileExec3215285929] Error 1
make[1]: Leaving directory `/home/shashank/catkin_ws/src/location_monitor/build/catkin_tools_prebuild/CMakeFiles/CMakeTmp'
make: *** [cmTryCompileExec3215285929/fast] Error 2


